<?xml version="1.0" encoding="UTF-8" ?>
<testsuite tests="4" failures="0" name="Airline GWT Integration Tests" time="20.875" errors="0" skipped="0">
  <properties>
[...]
</properties>
  <testcase classname="edu.pdx.cs410J.chsherpa.client.AirlineGwtIT" name="testClickingShowDeclaredExceptionButtonAlertsWithExpectedMessage" time="19.014"/>
  <testcase classname="edu.pdx.cs410J.chsherpa.client.AirlineGwtIT" name="testClickingShowClientSideExceptionButtonAlertsWithExpectedMessage" time="0.594"/>
  <testcase classname="edu.pdx.cs410J.chsherpa.client.AirlineGwtIT" name="testClickingShowAirlineButtonAlertsWithAirlineInformation" time="0.636"/>
  <testcase classname="edu.pdx.cs410J.chsherpa.client.AirlineGwtIT" name="testClickingShowUndeclaredExceptionButtonAlertsWithExpectedMessage" time="0.615"/>
</testsuite>